[    1048ms] [ERROR] Failed to load resource: the server responded with a status of 401 () @ https://ofuqalmadenah.com/api/me:0
[    1121ms] [ERROR] Failed to load resource: the server responded with a status of 401 () @ https://ofuqalmadenah.com/api/auth/refresh:0
[  205135ms] [ERROR] Failed to load resource: the server responded with a status of 404 () @ https://ofuqalmadenah.com/api/media/1f98214a-8c8c-416d-8113-524b932790d3:0
[  205136ms] [ERROR] Failed to load resource: the server responded with a status of 404 () @ https://ofuqalmadenah.com/api/media/94bd0c90-0dd3-4f80-983f-5e2786258600:0
[  205188ms] [ERROR] Failed to load resource: the server responded with a status of 404 () @ https://ofuqalmadenah.com/api/media/6bb527bf-277e-45f2-b5ac-0e5aa2e5e0e4:0
[  205189ms] [ERROR] Failed to load resource: the server responded with a status of 404 () @ https://ofuqalmadenah.com/api/media/92d1e6b2-6daf-4b6d-a1b4-f9b66c4c89a1:0
[  205219ms] [ERROR] Failed to load resource: the server responded with a status of 404 () @ https://ofuqalmadenah.com/api/media/72a70e86-f195-43ae-a53d-b78e0aeaa705:0
[  205226ms] [ERROR] Failed to load resource: the server responded with a status of 404 () @ https://ofuqalmadenah.com/api/media/92c62dfa-a3eb-4e63-8c8b-519aa2434eb9:0
[  205258ms] [ERROR] Failed to load resource: the server responded with a status of 404 () @ https://ofuqalmadenah.com/api/media/3b313e06-43d5-443c-8fc7-2f89682513d7:0
[  205265ms] [ERROR] Failed to load resource: the server responded with a status of 404 () @ https://ofuqalmadenah.com/api/media/bc4e1958-64f3-4c68-ae9c-fc6c819e02a2:0
[  205324ms] [ERROR] Failed to load resource: the server responded with a status of 404 () @ https://ofuqalmadenah.com/api/media/903e2907-d1af-4f5f-b21d-ff0976aec6da:0
[  205331ms] [ERROR] Failed to load resource: the server responded with a status of 404 () @ https://ofuqalmadenah.com/api/media/787ebec0-1d2b-4959-a7f5-ae36e3264c24:0
[  205363ms] [ERROR] Failed to load resource: the server responded with a status of 404 () @ https://ofuqalmadenah.com/api/media/c012b665-8308-4058-bff4-56a59e668767:0
[  205369ms] [ERROR] Failed to load resource: the server responded with a status of 404 () @ https://ofuqalmadenah.com/api/media/9a04bf2c-54cd-49db-bdc0-400dd4cac50c:0
[  205420ms] [ERROR] Failed to load resource: the server responded with a status of 404 () @ https://ofuqalmadenah.com/api/media/b68c1891-0688-4fc6-95fa-705db5bcd2a7:0
[  205426ms] [ERROR] Failed to load resource: the server responded with a status of 404 () @ https://ofuqalmadenah.com/api/media/4fa75c09-0a77-4494-b169-e5951c4b4e68:0
[  205459ms] [ERROR] Failed to load resource: the server responded with a status of 404 () @ https://ofuqalmadenah.com/api/media/a900497b-145e-4857-9f24-ca0af4776c8f:0
[  205465ms] [ERROR] Failed to load resource: the server responded with a status of 404 () @ https://ofuqalmadenah.com/api/media/362e7092-6c0e-44b4-8d82-4765cf2b8101:0
[  205517ms] [ERROR] Failed to load resource: the server responded with a status of 404 () @ https://ofuqalmadenah.com/api/media/6c14dcab-19ee-49e6-ba78-ffe895970c69:0
[  205523ms] [ERROR] Failed to load resource: the server responded with a status of 404 () @ https://ofuqalmadenah.com/api/media/c5e63008-76eb-447c-a191-cefddbe14154:0
[  205552ms] [ERROR] Failed to load resource: the server responded with a status of 404 () @ https://ofuqalmadenah.com/api/media/1058f8dc-8b7c-414f-af2f-853a05b9db68:0
[  222730ms] [ERROR] Failed to load resource: the server responded with a status of 404 () @ https://ofuqalmadenah.com/api/media/1f98214a-8c8c-416d-8113-524b932790d3:0
[  223125ms] [ERROR] Failed to load resource: the server responded with a status of 404 () @ https://ofuqalmadenah.com/api/media/94bd0c90-0dd3-4f80-983f-5e2786258600:0
[  223518ms] [ERROR] Failed to load resource: the server responded with a status of 404 () @ https://ofuqalmadenah.com/api/media/92d1e6b2-6daf-4b6d-a1b4-f9b66c4c89a1:0
[  223912ms] [ERROR] Failed to load resource: the server responded with a status of 404 () @ https://ofuqalmadenah.com/api/media/6bb527bf-277e-45f2-b5ac-0e5aa2e5e0e4:0
[  224307ms] [ERROR] Failed to load resource: the server responded with a status of 404 () @ https://ofuqalmadenah.com/api/media/92c62dfa-a3eb-4e63-8c8b-519aa2434eb9:0
[  224709ms] [ERROR] Failed to load resource: the server responded with a status of 404 () @ https://ofuqalmadenah.com/api/media/72a70e86-f195-43ae-a53d-b78e0aeaa705:0
[  225104ms] [ERROR] Failed to load resource: the server responded with a status of 404 () @ https://ofuqalmadenah.com/api/media/bc4e1958-64f3-4c68-ae9c-fc6c819e02a2:0
[  225497ms] [ERROR] Failed to load resource: the server responded with a status of 404 () @ https://ofuqalmadenah.com/api/media/3b313e06-43d5-443c-8fc7-2f89682513d7:0
[  449970ms] [ERROR] Failed to load resource: the server responded with a status of 500 () @ https://ofuqalmadenah.com/api/contacts/7fe1f922-f6c8-4ea4-83f2-1b3ebca70bdd/collaborators:0
[ 1040456ms] [ERROR] Failed to load resource: the server responded with a status of 401 () @ https://ofuqalmadenah.com/api/statuses:0
